<?xml version="1.0" encoding="UTF-8"?>
<!-- Generated by org.testng.reporters.JUnitReportReporter -->
<testsuite hostname="DESKTOP-NJDJR9N" failures="0" tests="1" name="facebook_registration.maven_facebook.TestCase1" time="7.722" errors="0" timestamp="2024-07-06T10:25:25 IST" skipped="0">
  <testcase classname="facebook_registration.maven_facebook.TestCase1" name="login" time="7.722"/>
  <system-out/>
</testsuite> <!-- facebook_registration.maven_facebook.TestCase1 -->
